<!DOCTYPE HTML><html><head><title>Behave Test Report</title><meta content="text/html;charset=utf-8" http-equiv="content-type" /><style type="text/css"><!--
@charset "utf-8"; .passed{}.failed{}.error{}.skipped{}.undefined{}.summary{}.failed_scenarios{}.footer{}body{font-size:0;color:white;margin:0;padding:0}.behave,td,th{font:normal 11px "Lucida Grande",Helvetica,sans-serif;background:white;color:black}.behave #behave-header,td #behave-header,th #behave-header{background:#65c400;color:white;height:8em}.behave #behave-header #expand-collapse p,td #behave-header #expand-collapse p,th #behave-header #expand-collapse p{float:right;margin:0 0 0 10px}.behave .scenario h3,td .scenario h3,th .scenario h3,.background h3{font-size:11px;padding:3px;margin:0;background:#65c400;color:white;font-weight:bold}.background h3{font-size:1.2em;background:#666}.behave h1,td h1,th h1{margin:0 10px 0 10px;padding:10px;font-family:"Lucida Grande",Helvetica,sans-serif;font-size:2em;position:absolute}.behave h4,td h4,th h4{margin-bottom:2px}.behave div.feature,td div.feature,th div.feature{padding:2px;margin:0 10px 5px 10px}.behave div.examples,td div.examples,th div.examples{padding:0 0 0 1em}.behave .stats,td .stats,th .stats{margin:2em}.behave .summary ul.features li,td .summary ul.features li,th .summary ul.features li{display:inline}.behave .step_name,td .step_name,th .step_name{float:left}.behave .step_file,td .step_file,th .step_file{text-align:right;color:#999}.behave .step_file a,td .step_file a,th .step_file a{color:#999}.behave .scenario_file,td .scenario_file,th .scenario_file{float:right;color:#999}.behave .step_duration{padding-left:1em}.behave .tag,td .tag,th .tag{font-weight:bold;color:#246ac1}.behave .backtrace,td .backtrace,th .backtrace{margin-top:0;margin-bottom:0;margin-left:1em;color:black}.behave a,td a,th a{color:#be5c00;margin-right:.5em}.behave a:hover,td a:hover,th a:hover{text-decoration:none}.behave a:visited,td a:visited,th a:visited{font-weight:normal}.behave a div.examples,td a div.examples,th a div.examples{margin:5px 0 5px 15px;color:black}.behave .outline table,td .outline table,th .outline table{margin:0 0 5px 10px}.behave table,td table,th table{border-collapse:collapse}.behave table td,td table td,th table td{padding:3px 3px 3px 5px}.behave table td.failed,.behave table td.passed,.behave table td.skipped,.behave table td.pending,.behave table td.undefined,td table td.failed,td table td.passed,td table td.skipped,td table td.pending{padding-left:18px;padding-right:10px}.behave table td.failed,td table td.failed,th table td.failed{border-left:5px solid #c20000;border-bottom:1px solid #c20000;background:#fffbd3;color:#c20000}.behave table td.passed,td table td.passed,th table td.passed{border-left:5px solid #65c400;border-bottom:1px solid #65c400;background:#dbffb4;color:#3d7700}.behave table td.skipped,td table td.skipped,th table td.skipped{border-left:5px solid aqua;border-bottom:1px solid aqua;background:#e0ffff;color:#011}.behave table td.pending,td table td.pending,th table td.pending{border-left:5px solid #faf834;border-bottom:1px solid #faf834;background:#fcfb98;color:#131313}.behave table td.undefined,td table td.undefined,th table td.undefined{border-left:5px solid #faf834;border-bottom:1px solid #faf834;background:#fcfb98;color:#131313}.behave table td.message,td table td.message,th table td.message{border-left:5px solid aqua;border-bottom:1px solid aqua;background:#e0ffff;color:#011}.behave ol,td ol,th ol{list-style:none;margin:0;padding:0}.behave ol li.step,td ol li.step,th ol li.step{padding:3px 3px 3px 18px;margin:5px 0 5px 5px}.behave ol li,td ol li,th ol li{margin:0 0 0 1em;padding:0 0 0 .2em}.behave ol li span.param,td ol li span.param,th ol li span.param{font-weight:bold}.behave ol li.failed,td ol li.failed,th ol li.failed{border-left:5px solid #c20000;border-bottom:1px solid #c20000;background:#fffbd3;color:#c20000}.behave ol li.passed,td ol li.passed,th ol li.passed{border-left:5px solid #65c400;border-bottom:1px solid #65c400;background:#dbffb4;color:#3d7700}.behave ol li.skipped,td ol li.skipped,th ol li.skipped{border-left:5px solid aqua;border-bottom:1px solid aqua;background:#e0ffff;color:#011}.behave ol li.pending,td ol li.pending,th ol li.pending{border-left:5px solid #faf834;border-bottom:1px solid #faf834;background:#fcfb98;color:#131313}.behave ol li.undefined,td ol li.undefined,th ol li.undefined{border-left:5px solid #faf834;border-bottom:1px solid #faf834;background:#fcfb98;color:#131313}.behave ol li.message,td ol li.message,th ol li.message{border-left:5px solid aqua;border-bottom:1px solid aqua;background:#e0ffff;color:#011;margin-left:10px}.behave #summary,td #summary,th #summary{margin:0;padding:5px 10px;text-align:right;top:0;right:0;float:right}.behave #summary p,td #summary p,th #summary p{margin:0 0 0 2px}.behave #summary #totals,td #summary #totals,th #summary #totals{font-size:1.2em}.behave .scenario h3.failed,td .scenario h3.failed,th .scenario h3.failed,.background h3.failed{background:#c20000}.behave #behave-header.failed,td #behave-header.failed,th #behave-header.failed{background:#c20000}.behave .scenario h3.undefined,td .scenario h3.undefined,th .scenario h3.undefined,.background h3.undefined{background:#faf834;color:black}.behave #behave-header.undefined,td #behave-header.undefined,th #behave-header.undefined{background:#faf834;color:black}#behave-header.failed a{color:white}pre{white-space:pre-wrap}
--></style><script type="text/javascript"><!--
function Collapsible_toggle(id){var elem=document.getElementById(id);elem.style.display=(elem.style.display=='none'?'block':'none');return false;};function Collapsible_expandAll(className){var elems=document.getElementsByClassName(className);for(var i=0;i<elems.length;i++){elems[i].style.display='block';}};function Collapsible_collapseAll(className){var elems=document.getElementsByClassName(className);for(var i=0;i<elems.length;i++){elems[i].style.display='none';}};function Collapsible_expandAllFailed(){var elems=document.getElementsByClassName('failed');for(var i=0;i<elems.length;i++){var elem=elems[i];if(elem.nodeName=='H3'){elem.parentElement.getElementsByTagName('ol')[0].style.display='block';}}}
--></script></head><body><div class="behave"><div id="behave-header" class="failed"><div id="label"><h1>Behave Test Report</h1></div><div id="summary"><p id="totals"><p id="feature_totals">Features: failed: 6, passed: 1</p><p id="scenario_totals">Scenarios: failed: 6, passed: 2</p><p id="step_totals">Steps: passed: 7, failed: 3, skipped: 2, undefined: 1, untested: 13</p></p><p id="duration">Finished in 56.9 seconds</p><div id="expand-collapse"><a id="expander" href="#" onclick="Collapsible_expandAll('scenario_steps')">Expand All</a><span> | </span><a id="collapser" href="#" onclick="Collapsible_collapseAll('scenario_steps')">Collapse All</a><span> | </span><a id="failed_expander" href="#" onclick="Collapsible_expandAllFailed()">Expand All Failed</a></div></div></div><div class="feature"><h2><span class="val">Feature: Jules download application for Google Play</span></h2><span /></div><div class="background"><h3><span class="val">Background: </span></h3><ol /><span /></div><div class="scenario"><span class="scenario_file">features/download_app.feature:6</span><span class="tag">@gettheapp</span><h3 onclick="Collapsible_toggle('scenario_0')" class="failed"><span class="val">Scenario: Get the App on Google Play</span></h3><ol class="scenario_steps" id="scenario_0"><li class="step passed"><div class="step_name"><span class="keyword">Given </span><span class="step val">download_app: I go to the sign in page</span><small class="step_duration">(4.216s)</small></div><div class="step_file"><span>steps/download_app_steps.py:4</span></div><span class="embed" /></li><li class="step passed"><div class="step_name"><span class="keyword">When </span><span class="step val">download_app: I want to download the app</span><small class="step_duration">(1.707s)</small></div><div class="step_file"><span>steps/download_app_steps.py:8</span></div><span class="embed" /></li><li class="step failed"><div class="step_name"><span class="keyword">When </span><span class="step val">download_app: I click on the install button</span><small class="step_duration">(10.535s)</small></div><div class="step_file"><span>steps/download_app_steps.py:12</span></div><span class="embed"><a onclick="Collapsible_toggle('embed_1')">Error Message</a><pre id="embed_1" style="display: none">Traceback (most recent call last):
  File "C:\Users\laura\PycharmProjects\FinalProjectBDD\venv\Lib\site-packages\behave\model.py", line 1329, in run
    match.run(runner.context)
  File "C:\Users\laura\PycharmProjects\FinalProjectBDD\venv\Lib\site-packages\behave\matchers.py", line 98, in run
    self.func(context, *args, **kwargs)
  File "steps\download_app_steps.py", line 14, in step_impl
    context.download_app.click_install_button()
  File "C:\Users\laura\PycharmProjects\FinalProjectBDD\pages\download_app_page.py", line 22, in click_install_button
    self.wait_for_elem(*self.INSTALL_BUTTON)
  File "C:\Users\laura\PycharmProjects\FinalProjectBDD\pages\base_page.py", line 8, in wait_for_elem
    WebDriverWait(self.chrome, 5).until(EC.presence_of_element_located((by, selector)))
  File "C:\Users\laura\PycharmProjects\FinalProjectBDD\venv\Lib\site-packages\selenium\webdriver\support\wait.py", line 95, in until
    raise TimeoutException(message, screen, stacktrace)
selenium.common.exceptions.TimeoutException: Message: 
Stacktrace:
Backtrace:
	GetHandleVerifier [0x010FA813+48355]
	(No symbol) [0x0108C4B1]
	(No symbol) [0x00F95358]
	(No symbol) [0x00FC09A5]
	(No symbol) [0x00FC0B3B]
	(No symbol) [0x00FEE232]
	(No symbol) [0x00FDA784]
	(No symbol) [0x00FEC922]
	(No symbol) [0x00FDA536]
	(No symbol) [0x00FB82DC]
	(No symbol) [0x00FB93DD]
	GetHandleVerifier [0x0135AABD+2539405]
	GetHandleVerifier [0x0139A78F+2800735]
	GetHandleVerifier [0x0139456C+2775612]
	GetHandleVerifier [0x011851E0+616112]
	(No symbol) [0x01095F8C]
	(No symbol) [0x01092328]
	(No symbol) [0x0109240B]
	(No symbol) [0x01084FF7]
	BaseThreadInitThunk [0x768B0099+25]
	RtlGetAppContainerNamedObjectPath [0x775B7B6E+286]
	RtlGetAppContainerNamedObjectPath [0x775B7B3E+238]

</pre>    </span></li></ol><span /></div><div class="feature"><h2><span class="val">Feature: Jules download application for Apple</span></h2><span /></div><div class="background"><h3><span class="val">Background: </span></h3><ol /><span /></div><div class="scenario"><span class="scenario_file">features/download_app_for_apple.feature:6</span><span class="tag">@gettheappleapp</span><h3 onclick="Collapsible_toggle('scenario_1')" class="failed"><span class="val">Scenario: Get the App on Apple Store</span></h3><ol class="scenario_steps" id="scenario_1"><li class="step passed"><div class="step_name"><span class="keyword">Given </span><span class="step val">download_app_for_apple: I go to the sign in page</span><small class="step_duration">(5.546s)</small></div><div class="step_file"><span>steps/download_app_for_apple_steps.py:3</span></div><span class="embed" /></li><li class="step passed"><div class="step_name"><span class="keyword">When </span><span class="step val">download_app_for_apple: I want to get the apple app and I click on the download app store button</span><small class="step_duration">(0.145s)</small></div><div class="step_file"><span>steps/download_app_for_apple_steps.py:7</span></div><span class="embed" /></li><li class="step failed"><div class="step_name"><span class="keyword">Then </span><span class="step val">download_app_for_apple: I am redirected to a page where I have instructions to download the app</span><small class="step_duration">(10.080s)</small></div><div class="step_file"><span>steps/download_app_for_apple_steps.py:11</span></div><span class="embed"><a onclick="Collapsible_toggle('embed_2')">Error Message</a><pre id="embed_2" style="display: none">Traceback (most recent call last):
  File "C:\Users\laura\PycharmProjects\FinalProjectBDD\venv\Lib\site-packages\behave\model.py", line 1329, in run
    match.run(runner.context)
  File "C:\Users\laura\PycharmProjects\FinalProjectBDD\venv\Lib\site-packages\behave\matchers.py", line 98, in run
    self.func(context, *args, **kwargs)
  File "steps\download_app_for_apple_steps.py", line 13, in step_impl
    context.download_app_for_apple.message_displayed_to_get_the_app()
  File "C:\Users\laura\PycharmProjects\FinalProjectBDD\pages\download_app_for_apple_pages.py", line 16, in message_displayed_to_get_the_app
    message = self.chrome.find_element(*self.MESSAGE_DISPLAYED)
              ^^^^^^^^^^^^^^^^^^^^^^^^^^^^^^^^^^^^^^^^^^^^^^^^^
  File "C:\Users\laura\PycharmProjects\FinalProjectBDD\venv\Lib\site-packages\selenium\webdriver\remote\webdriver.py", line 740, in find_element
    return self.execute(Command.FIND_ELEMENT, {"using": by, "value": value})["value"]
           ^^^^^^^^^^^^^^^^^^^^^^^^^^^^^^^^^^^^^^^^^^^^^^^^^^^^^^^^^^^^^^^^^
  File "C:\Users\laura\PycharmProjects\FinalProjectBDD\venv\Lib\site-packages\selenium\webdriver\remote\webdriver.py", line 346, in execute
    self.error_handler.check_response(response)
  File "C:\Users\laura\PycharmProjects\FinalProjectBDD\venv\Lib\site-packages\selenium\webdriver\remote\errorhandler.py", line 245, in check_response
    raise exception_class(message, screen, stacktrace)
selenium.common.exceptions.NoSuchElementException: Message: no such element: Unable to locate element: {"method":"xpath","selector":"/html/body/div[3]/main/div[2]/div/div"}
  (Session info: chrome=114.0.5735.134); For documentation on this error, please visit: https://www.selenium.dev/documentation/webdriver/troubleshooting/errors#no-such-element-exception
Stacktrace:
Backtrace:
	GetHandleVerifier [0x010FA813+48355]
	(No symbol) [0x0108C4B1]
	(No symbol) [0x00F95358]
	(No symbol) [0x00FC09A5]
	(No symbol) [0x00FC0B3B]
	(No symbol) [0x00FEE232]
	(No symbol) [0x00FDA784]
	(No symbol) [0x00FEC922]
	(No symbol) [0x00FDA536]
	(No symbol) [0x00FB82DC]
	(No symbol) [0x00FB93DD]
	GetHandleVerifier [0x0135AABD+2539405]
	GetHandleVerifier [0x0139A78F+2800735]
	GetHandleVerifier [0x0139456C+2775612]
	GetHandleVerifier [0x011851E0+616112]
	(No symbol) [0x01095F8C]
	(No symbol) [0x01092328]
	(No symbol) [0x0109240B]
	(No symbol) [0x01084FF7]
	BaseThreadInitThunk [0x768B0099+25]
	RtlGetAppContainerNamedObjectPath [0x775B7B6E+286]
	RtlGetAppContainerNamedObjectPath [0x775B7B3E+238]

</pre>    </span></li></ol><span /></div><div class="feature"><h2><span class="val">Feature: FAQ page</span></h2><span /></div><div class="background"><h3><span class="val">Background: </span></h3><ol /><span /></div><div class="scenario"><span class="scenario_file">features/faq.feature:6</span><span class="tag">@gettheapp</span><h3 onclick="Collapsible_toggle('scenario_2')" class="failed"><span class="val">Scenario: Read the FAQ</span></h3><ol class="scenario_steps" id="scenario_2"><li class="step passed"><div class="step_name"><span class="keyword">Given </span><span class="step val">sign_in: I want to read the FAQ</span><small class="step_duration">(0.975s)</small></div><div class="step_file"><span>steps/faq_steps.py:3</span></div><span class="embed" /></li><li class="step passed"><div class="step_name"><span class="keyword">When </span><span class="step val">sign_in: I click on FAQ</span><small class="step_duration">(0.585s)</small></div><div class="step_file"><span>steps/faq_steps.py:7</span></div><span class="embed" /></li><li class="step undefined"><div class="step_name"><span class="keyword">Then </span><span class="step val">faq: I verify if the text is therefaq: I verify if the text is there</span><small class="step_duration">(0.000s)</small></div><div class="step_file"><span>&lt;unknown&gt;</span></div><span class="embed" /></li></ol><span /></div><div class="feature"><h2><span class="val">Feature: Jules forgot password tests</span></h2><span /></div><div class="background"><h3><span class="val">Background: </span></h3><ol /><span /></div><div class="scenario"><span class="scenario_file">features/forgot_password.feature:7</span><span class="tag">@passwordtesting</span><h3 onclick="Collapsible_toggle('scenario_3')"><span class="val">Scenario: Wrong email validation message</span></h3><ol class="scenario_steps" id="scenario_3"><li class="step passed"><div class="step_name"><span class="keyword">Given </span><span class="step val">sign_in: I am a user on Jules app</span><small class="step_duration">(0.963s)</small></div><div class="step_file"><span>steps/sign_in_steps.py:8</span></div><span class="embed" /></li><li class="step passed"><div class="step_name"><span class="keyword">When </span><span class="step val">sign_in: I click the forgot password link</span><small class="step_duration">(0.197s)</small></div><div class="step_file"><span>steps/sign_in_steps.py:28</span></div><span class="embed" /></li><li class="step passed"><div class="step_name"><span class="keyword">When </span><span class="step val"><span>forgot_pass: I set my email to "</span><b>abcd</b><span>"</span></span><small class="step_duration">(0.187s)</small></div><div class="step_file"><span>steps/forgot_pass_steps.py:3</span></div><span class="embed" /></li><li class="step passed"><div class="step_name"><span class="keyword">Then </span><span class="step val">forgot_pass: I verify that the email validation is correct</span><small class="step_duration">(0.042s)</small></div><div class="step_file"><span>steps/forgot_pass_steps.py:7</span></div><span class="embed" /></li></ol><span /></div><div class="scenario"><span class="scenario_file">features/forgot_password.feature:21</span><span class="tag">@passwordtesting</span><h3 onclick="Collapsible_toggle('scenario_4')"><span class="val">Scenario Outline: Wrong email validation message with table data -- @1.1 </span></h3><ol class="scenario_steps" id="scenario_4"><li class="step passed"><div class="step_name"><span class="keyword">Given </span><span class="step val">sign_in: I am a user on Jules app</span><small class="step_duration">(0.444s)</small></div><div class="step_file"><span>steps/sign_in_steps.py:8</span></div><span class="embed" /></li><li class="step passed"><div class="step_name"><span class="keyword">When </span><span class="step val">sign_in: I click the forgot password link</span><small class="step_duration">(0.410s)</small></div><div class="step_file"><span>steps/sign_in_steps.py:28</span></div><span class="embed" /></li><li class="step passed"><div class="step_name"><span class="keyword">When </span><span class="step val"><span>sign_in: I set my email to "</span><b>abcde.com</b><span>"</span></span><small class="step_duration">(0.217s)</small></div><div class="step_file"><span>steps/sign_in_steps.py:12</span></div><span class="embed" /></li><li class="step passed"><div class="step_name"><span class="keyword">Then </span><span class="step val">forgot_pass: I verify that the email validation is correct</span><small class="step_duration">(0.044s)</small></div><div class="step_file"><span>steps/forgot_pass_steps.py:7</span></div><span class="embed" /></li></ol><span /></div><div class="scenario"><span class="scenario_file">features/forgot_password.feature:22</span><span class="tag">@passwordtesting</span><h3 onclick="Collapsible_toggle('scenario_5')"><span class="val">Scenario Outline: Wrong email validation message with table data -- @1.2 </span></h3><ol class="scenario_steps" id="scenario_5"><li class="step passed"><div class="step_name"><span class="keyword">Given </span><span class="step val">sign_in: I am a user on Jules app</span><small class="step_duration">(0.370s)</small></div><div class="step_file"><span>steps/sign_in_steps.py:8</span></div><span class="embed" /></li><li class="step passed"><div class="step_name"><span class="keyword">When </span><span class="step val">sign_in: I click the forgot password link</span><small class="step_duration">(0.395s)</small></div><div class="step_file"><span>steps/sign_in_steps.py:28</span></div><span class="embed" /></li><li class="step passed"><div class="step_name"><span class="keyword">When </span><span class="step val"><span>sign_in: I set my email to "</span><b>test.com</b><span>"</span></span><small class="step_duration">(0.340s)</small></div><div class="step_file"><span>steps/sign_in_steps.py:12</span></div><span class="embed" /></li><li class="step passed"><div class="step_name"><span class="keyword">Then </span><span class="step val">forgot_pass: I verify that the email validation is correct</span><small class="step_duration">(0.054s)</small></div><div class="step_file"><span>steps/forgot_pass_steps.py:7</span></div><span class="embed" /></li></ol><span /></div><div class="feature"><h2><span class="val">Feature: Jules sign in tests</span></h2><span /></div><div class="background"><h3><span class="val">Background: </span></h3><ol /><span /></div><div class="scenario"><span class="scenario_file">features/sign_in.feature:14</span><span class="tag">@logare</span><h3 onclick="Collapsible_toggle('scenario_6')" class="failed"><span class="val">Scenario Outline: Verify button is disabled -- @1.1 </span></h3><ol class="scenario_steps" id="scenario_6"><li class="step passed"><div class="step_name"><span class="keyword">Given </span><span class="step val">sign_in: I am a user on Jules app</span><small class="step_duration">(0.420s)</small></div><div class="step_file"><span>steps/sign_in_steps.py:8</span></div><span class="embed" /></li><li class="step failed"><div class="step_name"><span class="keyword">When </span><span class="step val">sign_in: I verify correct url</span><small class="step_duration">(0.001s)</small></div><div class="step_file"><span>steps/sign_in_steps.py:20</span></div><span class="embed"><a onclick="Collapsible_toggle('embed_3')">Error Message</a><pre id="embed_3" style="display: none">Traceback (most recent call last):
  File "C:\Users\laura\PycharmProjects\FinalProjectBDD\venv\Lib\site-packages\behave\model.py", line 1329, in run
    match.run(runner.context)
  File "C:\Users\laura\PycharmProjects\FinalProjectBDD\venv\Lib\site-packages\behave\matchers.py", line 98, in run
    self.func(context, *args, **kwargs)
  File "steps\sign_in_steps.py", line 22, in step_impl
    context.sign_in_page.check_url_sign_in()
    ^^^^^^^^^^^^^^^^^^^^^^^^^^^^^^^^^^^^^^
AttributeError: 'Sign_In_Page' object has no attribute 'check_url_sign_in'
</pre>    </span></li></ol><span /></div><div class="scenario"><span class="scenario_file">features/sign_in.feature:15</span><span class="tag">@logare</span><h3 onclick="Collapsible_toggle('scenario_7')" class="failed"><span class="val">Scenario Outline: Verify button is disabled -- @1.2 </span></h3><ol class="scenario_steps" id="scenario_7"><li class="step passed"><div class="step_name"><span class="keyword">Given </span><span class="step val">sign_in: I am a user on Jules app</span><small class="step_duration">(0.947s)</small></div><div class="step_file"><span>steps/sign_in_steps.py:8</span></div><span class="embed" /></li><li class="step failed"><div class="step_name"><span class="keyword">When </span><span class="step val">sign_in: I verify correct url</span><small class="step_duration">(0.000s)</small></div><div class="step_file"><span>steps/sign_in_steps.py:20</span></div><span class="embed"><a onclick="Collapsible_toggle('embed_4')">Error Message</a><pre id="embed_4" style="display: none">Traceback (most recent call last):
  File "C:\Users\laura\PycharmProjects\FinalProjectBDD\venv\Lib\site-packages\behave\model.py", line 1329, in run
    match.run(runner.context)
  File "C:\Users\laura\PycharmProjects\FinalProjectBDD\venv\Lib\site-packages\behave\matchers.py", line 98, in run
    self.func(context, *args, **kwargs)
  File "steps\sign_in_steps.py", line 22, in step_impl
    context.sign_in_page.check_url_sign_in()
    ^^^^^^^^^^^^^^^^^^^^^^^^^^^^^^^^^^^^^^
AttributeError: 'Sign_In_Page' object has no attribute 'check_url_sign_in'
</pre>    </span></li></ol><span /></div><div class="scenario"><span class="scenario_file">features/sign_in.feature:16</span><span class="tag">@logare</span><h3 onclick="Collapsible_toggle('scenario_8')" class="failed"><span class="val">Scenario Outline: Verify button is disabled -- @1.3 </span></h3><ol class="scenario_steps" id="scenario_8"><li class="step passed"><div class="step_name"><span class="keyword">Given </span><span class="step val">sign_in: I am a user on Jules app</span><small class="step_duration">(0.512s)</small></div><div class="step_file"><span>steps/sign_in_steps.py:8</span></div><span class="embed" /></li><li class="step failed"><div class="step_name"><span class="keyword">When </span><span class="step val">sign_in: I verify correct url</span><small class="step_duration">(0.002s)</small></div><div class="step_file"><span>steps/sign_in_steps.py:20</span></div><span class="embed"><a onclick="Collapsible_toggle('embed_5')">Error Message</a><pre id="embed_5" style="display: none">Traceback (most recent call last):
  File "C:\Users\laura\PycharmProjects\FinalProjectBDD\venv\Lib\site-packages\behave\model.py", line 1329, in run
    match.run(runner.context)
  File "C:\Users\laura\PycharmProjects\FinalProjectBDD\venv\Lib\site-packages\behave\matchers.py", line 98, in run
    self.func(context, *args, **kwargs)
  File "steps\sign_in_steps.py", line 22, in step_impl
    context.sign_in_page.check_url_sign_in()
    ^^^^^^^^^^^^^^^^^^^^^^^^^^^^^^^^^^^^^^
AttributeError: 'Sign_In_Page' object has no attribute 'check_url_sign_in'
</pre>    </span></li></ol><span /></div><div class="feature"><h2><span class="val">Feature: Jules sign up tests</span></h2><span /></div><div class="background"><h3><span class="val">Background: </span></h3><ol /><span /></div><div class="scenario"><span class="scenario_file">features/sign_up.feature:19</span><span class="tag">@sign_up</span><h3 onclick="Collapsible_toggle('scenario_9')" class="failed"><span class="val">Scenario Outline: Successful validation message -- @1.1 </span></h3><ol class="scenario_steps" id="scenario_9"><li class="step passed"><div class="step_name"><span class="keyword">Given </span><span class="step val">sign_up: I want to sign up</span><small class="step_duration">(0.422s)</small></div><div class="step_file"><span>steps/sign_up_steps.py:3</span></div><span class="embed" /></li><li class="step passed"><div class="step_name"><span class="keyword">When </span><span class="step val">sign_up: I click the sign up button</span><small class="step_duration">(0.335s)</small></div><div class="step_file"><span>steps/sign_up_steps.py:8</span></div><span class="embed" /></li><li class="step passed"><div class="step_name"><span class="keyword">When </span><span class="step val">sign_up: I click on the selection of the personal</span><small class="step_duration">(0.083s)</small></div><div class="step_file"><span>steps/sign_up_steps.py:12</span></div><span class="embed" /></li><li class="step failed"><div class="step_name"><span class="keyword">When </span><span class="step val">sign_up: I click the continue button</span><small class="step_duration">(1.152s)</small></div><div class="step_file"><span>steps/sign_up_steps.py:16</span></div><span class="embed"><a onclick="Collapsible_toggle('embed_6')">Error Message</a><pre id="embed_6" style="display: none">Traceback (most recent call last):
  File "C:\Users\laura\PycharmProjects\FinalProjectBDD\venv\Lib\site-packages\behave\model.py", line 1329, in run
    match.run(runner.context)
  File "C:\Users\laura\PycharmProjects\FinalProjectBDD\venv\Lib\site-packages\behave\matchers.py", line 98, in run
    self.func(context, *args, **kwargs)
  File "steps\sign_up_steps.py", line 18, in step_impl
    context.sign_up_page.click_continue_button()
  File "C:\Users\laura\PycharmProjects\FinalProjectBDD\pages\sign_up_page.py", line 29, in click_continue_button
    self.chrome.find_element(*self.CONTINUE_BUTTON).click()
  File "C:\Users\laura\PycharmProjects\FinalProjectBDD\venv\Lib\site-packages\selenium\webdriver\remote\webelement.py", line 94, in click
    self._execute(Command.CLICK_ELEMENT)
  File "C:\Users\laura\PycharmProjects\FinalProjectBDD\venv\Lib\site-packages\selenium\webdriver\remote\webelement.py", line 395, in _execute
    return self._parent.execute(command, params)
           ^^^^^^^^^^^^^^^^^^^^^^^^^^^^^^^^^^^^^
  File "C:\Users\laura\PycharmProjects\FinalProjectBDD\venv\Lib\site-packages\selenium\webdriver\remote\webdriver.py", line 346, in execute
    self.error_handler.check_response(response)
  File "C:\Users\laura\PycharmProjects\FinalProjectBDD\venv\Lib\site-packages\selenium\webdriver\remote\errorhandler.py", line 245, in check_response
    raise exception_class(message, screen, stacktrace)
selenium.common.exceptions.ElementClickInterceptedException: Message: element click intercepted: Element &lt;span class="MuiButton-label"&gt;...&lt;/span&gt; is not clickable at point (1426, 634). Other element would receive the click: &lt;div class="css-1oy4z6z"&gt;...&lt;/div&gt;
  (Session info: chrome=114.0.5735.134)
Stacktrace:
Backtrace:
	GetHandleVerifier [0x010FA813+48355]
	(No symbol) [0x0108C4B1]
	(No symbol) [0x00F95358]
	(No symbol) [0x00FC5062]
	(No symbol) [0x00FC3B98]
	(No symbol) [0x00FC239B]
	(No symbol) [0x00FC179E]
	(No symbol) [0x00FB9F5C]
	(No symbol) [0x00FDA73C]
	(No symbol) [0x00FB9A36]
	(No symbol) [0x00FDAA94]
	(No symbol) [0x00FEC922]
	(No symbol) [0x00FDA536]
	(No symbol) [0x00FB82DC]
	(No symbol) [0x00FB93DD]
	GetHandleVerifier [0x0135AABD+2539405]
	GetHandleVerifier [0x0139A78F+2800735]
	GetHandleVerifier [0x0139456C+2775612]
	GetHandleVerifier [0x011851E0+616112]
	(No symbol) [0x01095F8C]
	(No symbol) [0x01092328]
	(No symbol) [0x0109240B]
	(No symbol) [0x01084FF7]
	BaseThreadInitThunk [0x768B0099+25]
	RtlGetAppContainerNamedObjectPath [0x775B7B6E+286]
	RtlGetAppContainerNamedObjectPath [0x775B7B3E+238]

</pre>    </span></li></ol><span /></div><div class="scenario"><span class="scenario_file">features/sign_up.feature:20</span><span class="tag">@sign_up</span><h3 onclick="Collapsible_toggle('scenario_10')" class="failed"><span class="val">Scenario Outline: Successful validation message -- @1.2 </span></h3><ol class="scenario_steps" id="scenario_10"><li class="step passed"><div class="step_name"><span class="keyword">Given </span><span class="step val">sign_up: I want to sign up</span><small class="step_duration">(0.462s)</small></div><div class="step_file"><span>steps/sign_up_steps.py:3</span></div><span class="embed" /></li><li class="step passed"><div class="step_name"><span class="keyword">When </span><span class="step val">sign_up: I click the sign up button</span><small class="step_duration">(0.317s)</small></div><div class="step_file"><span>steps/sign_up_steps.py:8</span></div><span class="embed" /></li><li class="step passed"><div class="step_name"><span class="keyword">When </span><span class="step val">sign_up: I click on the selection of the personal</span><small class="step_duration">(0.071s)</small></div><div class="step_file"><span>steps/sign_up_steps.py:12</span></div><span class="embed" /></li><li class="step failed"><div class="step_name"><span class="keyword">When </span><span class="step val">sign_up: I click the continue button</span><small class="step_duration">(1.163s)</small></div><div class="step_file"><span>steps/sign_up_steps.py:16</span></div><span class="embed"><a onclick="Collapsible_toggle('embed_7')">Error Message</a><pre id="embed_7" style="display: none">Traceback (most recent call last):
  File "C:\Users\laura\PycharmProjects\FinalProjectBDD\venv\Lib\site-packages\behave\model.py", line 1329, in run
    match.run(runner.context)
  File "C:\Users\laura\PycharmProjects\FinalProjectBDD\venv\Lib\site-packages\behave\matchers.py", line 98, in run
    self.func(context, *args, **kwargs)
  File "steps\sign_up_steps.py", line 18, in step_impl
    context.sign_up_page.click_continue_button()
  File "C:\Users\laura\PycharmProjects\FinalProjectBDD\pages\sign_up_page.py", line 29, in click_continue_button
    self.chrome.find_element(*self.CONTINUE_BUTTON).click()
  File "C:\Users\laura\PycharmProjects\FinalProjectBDD\venv\Lib\site-packages\selenium\webdriver\remote\webelement.py", line 94, in click
    self._execute(Command.CLICK_ELEMENT)
  File "C:\Users\laura\PycharmProjects\FinalProjectBDD\venv\Lib\site-packages\selenium\webdriver\remote\webelement.py", line 395, in _execute
    return self._parent.execute(command, params)
           ^^^^^^^^^^^^^^^^^^^^^^^^^^^^^^^^^^^^^
  File "C:\Users\laura\PycharmProjects\FinalProjectBDD\venv\Lib\site-packages\selenium\webdriver\remote\webdriver.py", line 346, in execute
    self.error_handler.check_response(response)
  File "C:\Users\laura\PycharmProjects\FinalProjectBDD\venv\Lib\site-packages\selenium\webdriver\remote\errorhandler.py", line 245, in check_response
    raise exception_class(message, screen, stacktrace)
selenium.common.exceptions.ElementClickInterceptedException: Message: element click intercepted: Element &lt;span class="MuiButton-label"&gt;...&lt;/span&gt; is not clickable at point (1426, 634). Other element would receive the click: &lt;div class="css-1oy4z6z"&gt;...&lt;/div&gt;
  (Session info: chrome=114.0.5735.134)
Stacktrace:
Backtrace:
	GetHandleVerifier [0x010FA813+48355]
	(No symbol) [0x0108C4B1]
	(No symbol) [0x00F95358]
	(No symbol) [0x00FC5062]
	(No symbol) [0x00FC3B98]
	(No symbol) [0x00FC239B]
	(No symbol) [0x00FC179E]
	(No symbol) [0x00FB9F5C]
	(No symbol) [0x00FDA73C]
	(No symbol) [0x00FB9A36]
	(No symbol) [0x00FDAA94]
	(No symbol) [0x00FEC922]
	(No symbol) [0x00FDA536]
	(No symbol) [0x00FB82DC]
	(No symbol) [0x00FB93DD]
	GetHandleVerifier [0x0135AABD+2539405]
	GetHandleVerifier [0x0139A78F+2800735]
	GetHandleVerifier [0x0139456C+2775612]
	GetHandleVerifier [0x011851E0+616112]
	(No symbol) [0x01095F8C]
	(No symbol) [0x01092328]
	(No symbol) [0x0109240B]
	(No symbol) [0x01084FF7]
	BaseThreadInitThunk [0x768B0099+25]
	RtlGetAppContainerNamedObjectPath [0x775B7B6E+286]
	RtlGetAppContainerNamedObjectPath [0x775B7B3E+238]

</pre>    </span></li></ol><span /></div><div class="scenario"><span class="scenario_file">features/sign_up.feature:21</span><span class="tag">@sign_up</span><h3 onclick="Collapsible_toggle('scenario_11')" class="failed"><span class="val">Scenario Outline: Successful validation message -- @1.3 </span></h3><ol class="scenario_steps" id="scenario_11"><li class="step passed"><div class="step_name"><span class="keyword">Given </span><span class="step val">sign_up: I want to sign up</span><small class="step_duration">(0.473s)</small></div><div class="step_file"><span>steps/sign_up_steps.py:3</span></div><span class="embed" /></li><li class="step passed"><div class="step_name"><span class="keyword">When </span><span class="step val">sign_up: I click the sign up button</span><small class="step_duration">(0.229s)</small></div><div class="step_file"><span>steps/sign_up_steps.py:8</span></div><span class="embed" /></li><li class="step passed"><div class="step_name"><span class="keyword">When </span><span class="step val">sign_up: I click on the selection of the personal</span><small class="step_duration">(0.083s)</small></div><div class="step_file"><span>steps/sign_up_steps.py:12</span></div><span class="embed" /></li><li class="step failed"><div class="step_name"><span class="keyword">When </span><span class="step val">sign_up: I click the continue button</span><small class="step_duration">(1.139s)</small></div><div class="step_file"><span>steps/sign_up_steps.py:16</span></div><span class="embed"><a onclick="Collapsible_toggle('embed_8')">Error Message</a><pre id="embed_8" style="display: none">Traceback (most recent call last):
  File "C:\Users\laura\PycharmProjects\FinalProjectBDD\venv\Lib\site-packages\behave\model.py", line 1329, in run
    match.run(runner.context)
  File "C:\Users\laura\PycharmProjects\FinalProjectBDD\venv\Lib\site-packages\behave\matchers.py", line 98, in run
    self.func(context, *args, **kwargs)
  File "steps\sign_up_steps.py", line 18, in step_impl
    context.sign_up_page.click_continue_button()
  File "C:\Users\laura\PycharmProjects\FinalProjectBDD\pages\sign_up_page.py", line 29, in click_continue_button
    self.chrome.find_element(*self.CONTINUE_BUTTON).click()
  File "C:\Users\laura\PycharmProjects\FinalProjectBDD\venv\Lib\site-packages\selenium\webdriver\remote\webelement.py", line 94, in click
    self._execute(Command.CLICK_ELEMENT)
  File "C:\Users\laura\PycharmProjects\FinalProjectBDD\venv\Lib\site-packages\selenium\webdriver\remote\webelement.py", line 395, in _execute
    return self._parent.execute(command, params)
           ^^^^^^^^^^^^^^^^^^^^^^^^^^^^^^^^^^^^^
  File "C:\Users\laura\PycharmProjects\FinalProjectBDD\venv\Lib\site-packages\selenium\webdriver\remote\webdriver.py", line 346, in execute
    self.error_handler.check_response(response)
  File "C:\Users\laura\PycharmProjects\FinalProjectBDD\venv\Lib\site-packages\selenium\webdriver\remote\errorhandler.py", line 245, in check_response
    raise exception_class(message, screen, stacktrace)
selenium.common.exceptions.ElementClickInterceptedException: Message: element click intercepted: Element &lt;span class="MuiButton-label"&gt;...&lt;/span&gt; is not clickable at point (1426, 634). Other element would receive the click: &lt;div class="css-1oy4z6z"&gt;...&lt;/div&gt;
  (Session info: chrome=114.0.5735.134)
Stacktrace:
Backtrace:
	GetHandleVerifier [0x010FA813+48355]
	(No symbol) [0x0108C4B1]
	(No symbol) [0x00F95358]
	(No symbol) [0x00FC5062]
	(No symbol) [0x00FC3B98]
	(No symbol) [0x00FC239B]
	(No symbol) [0x00FC179E]
	(No symbol) [0x00FB9F5C]
	(No symbol) [0x00FDA73C]
	(No symbol) [0x00FB9A36]
	(No symbol) [0x00FDAA94]
	(No symbol) [0x00FEC922]
	(No symbol) [0x00FDA536]
	(No symbol) [0x00FB82DC]
	(No symbol) [0x00FB93DD]
	GetHandleVerifier [0x0135AABD+2539405]
	GetHandleVerifier [0x0139A78F+2800735]
	GetHandleVerifier [0x0139456C+2775612]
	GetHandleVerifier [0x011851E0+616112]
	(No symbol) [0x01095F8C]
	(No symbol) [0x01092328]
	(No symbol) [0x0109240B]
	(No symbol) [0x01084FF7]
	BaseThreadInitThunk [0x768B0099+25]
	RtlGetAppContainerNamedObjectPath [0x775B7B6E+286]
	RtlGetAppContainerNamedObjectPath [0x775B7B3E+238]

</pre>    </span></li></ol><span /></div><div class="feature"><h2><span class="val">Feature: Access Terms and conditions page</span></h2><span /></div><div class="background"><h3><span class="val">Background: </span></h3><ol /><span /></div><div class="scenario"><span class="scenario_file">features/terms_and_conditions.feature:6</span><span class="tag">@termsandconditions</span><h3 onclick="Collapsible_toggle('scenario_12')" class="failed"><span class="val">Scenario: Read the terms and conditions</span></h3><ol class="scenario_steps" id="scenario_12"><li class="step passed"><div class="step_name"><span class="keyword">Given </span><span class="step val">sign_in: I want to read the terms and conditions</span><small class="step_duration">(0.374s)</small></div><div class="step_file"><span>steps/terms_and_conditions_steps.py:3</span></div><span class="embed" /></li><li class="step passed"><div class="step_name"><span class="keyword">When </span><span class="step val">sign_in: I click on terms and conditions</span><small class="step_duration">(0.679s)</small></div><div class="step_file"><span>steps/terms_and_conditions_steps.py:7</span></div><span class="embed" /></li><li class="step failed"><div class="step_name"><span class="keyword">When </span><span class="step val">terms_and_conditions: I click the link for more information</span><small class="step_duration">(10.569s)</small></div><div class="step_file"><span>steps/terms_and_conditions_steps.py:11</span></div><span class="embed"><a onclick="Collapsible_toggle('embed_9')">Error Message</a><pre id="embed_9" style="display: none">Traceback (most recent call last):
  File "C:\Users\laura\PycharmProjects\FinalProjectBDD\venv\Lib\site-packages\behave\model.py", line 1329, in run
    match.run(runner.context)
  File "C:\Users\laura\PycharmProjects\FinalProjectBDD\venv\Lib\site-packages\behave\matchers.py", line 98, in run
    self.func(context, *args, **kwargs)
  File "steps\terms_and_conditions_steps.py", line 13, in step_impl
    context.terms_and_conditions.click_on_link()
  File "C:\Users\laura\PycharmProjects\FinalProjectBDD\pages\terms_and_conditions_page.py", line 21, in click_on_link
    self.wait_for_elem(*self.LINK_BUTTON)
  File "C:\Users\laura\PycharmProjects\FinalProjectBDD\pages\base_page.py", line 8, in wait_for_elem
    WebDriverWait(self.chrome, 5).until(EC.presence_of_element_located((by, selector)))
  File "C:\Users\laura\PycharmProjects\FinalProjectBDD\venv\Lib\site-packages\selenium\webdriver\support\wait.py", line 95, in until
    raise TimeoutException(message, screen, stacktrace)
selenium.common.exceptions.TimeoutException: Message: 
Stacktrace:
Backtrace:
	GetHandleVerifier [0x010FA813+48355]
	(No symbol) [0x0108C4B1]
	(No symbol) [0x00F95358]
	(No symbol) [0x00FC09A5]
	(No symbol) [0x00FC0B3B]
	(No symbol) [0x00FEE232]
	(No symbol) [0x00FDA784]
	(No symbol) [0x00FEC922]
	(No symbol) [0x00FDA536]
	(No symbol) [0x00FB82DC]
	(No symbol) [0x00FB93DD]
	GetHandleVerifier [0x0135AABD+2539405]
	GetHandleVerifier [0x0139A78F+2800735]
	GetHandleVerifier [0x0139456C+2775612]
	GetHandleVerifier [0x011851E0+616112]
	(No symbol) [0x01095F8C]
	(No symbol) [0x01092328]
	(No symbol) [0x0109240B]
	(No symbol) [0x01084FF7]
	BaseThreadInitThunk [0x768B0099+25]
	RtlGetAppContainerNamedObjectPath [0x775B7B6E+286]
	RtlGetAppContainerNamedObjectPath [0x775B7B3E+238]

</pre>    </span></li></ol><span /></div></div></body></html>